Thu Apr 30 08:51:10 -0400 2015 r is #<AlienReader:0x1074b1d30>
Thu Apr 30 08:51:10 -0400 2015 r is #<AlienReader:0x1074b1d30>
Thu Apr 30 08:51:11 -0400 2015 Connected antenna ports: 0
Thu Apr 30 08:51:11 -0400 2015 Current RF Power: 29.0dBm
Thu Apr 30 08:51:11 -0400 2015 Current Antenna Sequence: 0
Thu Apr 30 08:51:11 -0400 2015 Change antenna sequence to all available antennas... 
Thu Apr 30 08:51:11 -0400 2015 New antenna sequence: 0
Thu Apr 30 08:51:11 -0400 2015 Try to change power to 30.0dBm... 
Thu Apr 30 08:51:11 -0400 2015 RF Level: 27.6dBm
Thu Apr 30 08:51:11 -0400 2015 Set RF modulation mode to Dense Reader Mode...
Thu Apr 30 08:51:11 -0400 2015 RF Modulation: DRM
Thu Apr 30 08:51:11 -0400 2015 initializing aquire parameters
Thu Apr 30 08:51:11 -0400 2015 done initializing aquire parameters
Thu Apr 30 08:51:11 -0400 2015 Acquiring...
Thu Apr 30 08:51:12 -0400 2015 ...Done!
Thu Apr 30 08:51:12 -0400 2015 line is "Tag:C033 1255 102B, Disc:2015/04/30 08:51:11, Last:2015/04/30 08:51:12, Count:8, Ant:0, Proto:2, Speed:999.000, rssi:88.0"
Thu Apr 30 08:51:12 -0400 2015 adding a new tag
Thu Apr 30 08:51:12 -0400 2015 line is "Tag:C033 1255 102F, Disc:2015/04/30 08:51:11, Last:2015/04/30 08:51:12, Count:8, Ant:0, Proto:2, Speed:999.000, rssi:90.0"
Thu Apr 30 08:51:12 -0400 2015 adding a new tag
Thu Apr 30 08:51:12 -0400 2015 line is "Tag:C033 1255 102D, Disc:2015/04/30 08:51:11, Last:2015/04/30 08:51:12, Count:8, Ant:0, Proto:2, Speed:999.000, rssi:89.0"
Thu Apr 30 08:51:12 -0400 2015 adding a new tag
Thu Apr 30 08:51:12 -0400 2015 line is "Tag:C033 1255 102C, Disc:2015/04/30 08:51:11, Last:2015/04/30 08:51:11, Count:1, Ant:0, Proto:2, Speed:999.000, rssi:69.0"
Thu Apr 30 08:51:12 -0400 2015 adding a new tag
Thu Apr 30 08:51:12 -0400 2015 done parsing with tag count: 4
Thu Apr 30 08:51:12 -0400 2015 visible tags: 
Thu Apr 30 08:51:13 -0400 2015 C033 1255 102B
Thu Apr 30 08:51:13 -0400 2015 rssi_survey, C033 1255 102B, 88.0
Thu Apr 30 08:51:15 -0400 2015 C033 1255 102F
Thu Apr 30 08:51:15 -0400 2015 rssi_survey, C033 1255 102F, 90.0
Thu Apr 30 08:51:18 -0400 2015 r is #<AlienReader:0x10b213ca0>
Thu Apr 30 08:51:18 -0400 2015 r is #<AlienReader:0x10b213ca0>
Thu Apr 30 08:51:19 -0400 2015 Connected antenna ports: 0 1
Thu Apr 30 08:51:19 -0400 2015 Current RF Power: 27.6dBm
Thu Apr 30 08:51:19 -0400 2015 Current Antenna Sequence: 0
Thu Apr 30 08:51:19 -0400 2015 Change antenna sequence to all available antennas... 
Thu Apr 30 08:51:19 -0400 2015 New antenna sequence: 0 1
Thu Apr 30 08:51:19 -0400 2015 Try to change power to 30.0dBm... 
Thu Apr 30 08:51:19 -0400 2015 RF Level: 27.6dBm
Thu Apr 30 08:51:19 -0400 2015 Set RF modulation mode to Dense Reader Mode...
Thu Apr 30 08:51:19 -0400 2015 RF Modulation: DRM
Thu Apr 30 08:51:19 -0400 2015 initializing aquire parameters
Thu Apr 30 08:51:19 -0400 2015 done initializing aquire parameters
Thu Apr 30 08:51:19 -0400 2015 Acquiring...
Thu Apr 30 08:51:20 -0400 2015 ...Done!
Thu Apr 30 08:51:20 -0400 2015 line is "Tag:C033 1255 102B, Disc:2015/04/30 08:51:19, Last:2015/04/30 08:51:20, Count:4, Ant:0, Proto:2, Speed:999.000, rssi:88.0"
Thu Apr 30 08:51:20 -0400 2015 adding a new tag
Thu Apr 30 08:51:20 -0400 2015 line is "Tag:C033 1255 102D, Disc:2015/04/30 08:51:19, Last:2015/04/30 08:51:20, Count:4, Ant:0, Proto:2, Speed:999.000, rssi:88.0"
Thu Apr 30 08:51:20 -0400 2015 adding a new tag
Thu Apr 30 08:51:20 -0400 2015 line is "Tag:C033 1255 102F, Disc:2015/04/30 08:51:19, Last:2015/04/30 08:51:20, Count:4, Ant:0, Proto:2, Speed:999.000, rssi:88.0"
Thu Apr 30 08:51:20 -0400 2015 adding a new tag
Thu Apr 30 08:51:20 -0400 2015 done parsing with tag count: 3
Thu Apr 30 08:51:20 -0400 2015 visible tags: 
Thu Apr 30 08:51:22 -0400 2015 C033 1255 102B
Thu Apr 30 08:51:22 -0400 2015 rssi_survey, C033 1255 102B, 88.0
Thu Apr 30 08:51:23 -0400 2015 C033 1255 102D
Thu Apr 30 08:51:23 -0400 2015 rssi_survey, C033 1255 102D, 88.0
Thu Apr 30 08:51:25 -0400 2015 C033 1255 102F
Thu Apr 30 08:51:25 -0400 2015 rssi_survey, C033 1255 102F, 88.0
Thu Apr 30 08:51:25 -0400 2015 I will post: [  { 
    "tag_id": "C033 1255 102B",
    "utid": "24 AC 18 00",
    "rssi": "88.0",
    "antenna": "0",
    "last_seen_at": "2015-04-30T08:51:20+00:00"
  }
,  { 
    "tag_id": "C033 1255 102D",
    "utid": "04 EE 18 00",
    "rssi": "88.0",
    "antenna": "0",
    "last_seen_at": "2015-04-30T08:51:20+00:00"
  }
,  { 
    "tag_id": "C033 1255 102F",
    "utid": "04 EE 18 00",
    "rssi": "88.0",
    "antenna": "0",
    "last_seen_at": "2015-04-30T08:51:20+00:00"
  }
]
Thu Apr 30 08:51:27 -0400 2015 rerunning in 1 second
Thu Apr 30 08:51:29 -0400 2015 r is #<AlienReader:0x10b1a8b08>
Thu Apr 30 08:51:29 -0400 2015 r is #<AlienReader:0x10b1a8b08>
Thu Apr 30 08:51:29 -0400 2015 Connected antenna ports: 0 1
Thu Apr 30 08:51:29 -0400 2015 Current RF Power: 27.6dBm
Thu Apr 30 08:51:29 -0400 2015 Current Antenna Sequence: 0 1
Thu Apr 30 08:51:29 -0400 2015 Change antenna sequence to all available antennas... 
Thu Apr 30 08:51:29 -0400 2015 New antenna sequence: 0 1
Thu Apr 30 08:51:29 -0400 2015 Try to change power to 30.0dBm... 
Thu Apr 30 08:51:29 -0400 2015 RF Level: 27.6dBm
Thu Apr 30 08:51:29 -0400 2015 Set RF modulation mode to Dense Reader Mode...
Thu Apr 30 08:51:29 -0400 2015 RF Modulation: DRM
Thu Apr 30 08:51:29 -0400 2015 initializing aquire parameters
Thu Apr 30 08:51:29 -0400 2015 done initializing aquire parameters
Thu Apr 30 08:51:29 -0400 2015 Acquiring...
Thu Apr 30 08:51:30 -0400 2015 ...Done!
Thu Apr 30 08:51:30 -0400 2015 line is "Tag:C033 1255 102F, Disc:2015/04/30 08:51:29, Last:2015/04/30 08:51:29, Count:3, Ant:0, Proto:2, Speed:999.000, rssi:89.0"
Thu Apr 30 08:51:30 -0400 2015 adding a new tag
Thu Apr 30 08:51:30 -0400 2015 line is "Tag:C033 1255 102D, Disc:2015/04/30 08:51:29, Last:2015/04/30 08:51:29, Count:3, Ant:0, Proto:2, Speed:999.000, rssi:88.0"
Thu Apr 30 08:51:30 -0400 2015 adding a new tag
Thu Apr 30 08:51:30 -0400 2015 line is "Tag:C033 1255 102B, Disc:2015/04/30 08:51:29, Last:2015/04/30 08:51:29, Count:3, Ant:0, Proto:2, Speed:999.000, rssi:83.0"
Thu Apr 30 08:51:30 -0400 2015 adding a new tag
Thu Apr 30 08:51:30 -0400 2015 done parsing with tag count: 3
Thu Apr 30 08:51:30 -0400 2015 visible tags: 
Thu Apr 30 08:51:30 -0400 2015 C033 1255 102F
Thu Apr 30 08:51:30 -0400 2015 rssi_survey, C033 1255 102F, 89.0
Thu Apr 30 08:51:30 -0400 2015 C033 1255 102D
Thu Apr 30 08:51:30 -0400 2015 rssi_survey, C033 1255 102D, 88.0
Thu Apr 30 08:51:30 -0400 2015 C033 1255 102B
Thu Apr 30 08:51:30 -0400 2015 rssi_survey, C033 1255 102B, 83.0
Thu Apr 30 08:51:30 -0400 2015 I will post: [  { 
    "tag_id": "C033 1255 102F",
    "utid": "04 EE 18 00",
    "rssi": "89.0",
    "antenna": "0",
    "last_seen_at": "2015-04-30T08:51:29+00:00"
  }
,  { 
    "tag_id": "C033 1255 102D",
    "utid": "04 EE 18 00",
    "rssi": "88.0",
    "antenna": "0",
    "last_seen_at": "2015-04-30T08:51:29+00:00"
  }
,  { 
    "tag_id": "C033 1255 102B",
    "utid": "24 AC 18 00",
    "rssi": "83.0",
    "antenna": "0",
    "last_seen_at": "2015-04-30T08:51:29+00:00"
  }
]
Thu Apr 30 09:00:32 -0400 2015 r is #<AlienReader:0x106b9ecc0>
Thu Apr 30 09:00:32 -0400 2015 r is #<AlienReader:0x106b9ecc0>
Thu Apr 30 09:00:32 -0400 2015 Connected antenna ports: 0
Thu Apr 30 09:00:33 -0400 2015 Current RF Power: 27.6dBm
Thu Apr 30 09:00:33 -0400 2015 Current Antenna Sequence: 0 1
Thu Apr 30 09:00:33 -0400 2015 Change antenna sequence to all available antennas... 
Thu Apr 30 09:00:33 -0400 2015 New antenna sequence: 0
Thu Apr 30 09:00:33 -0400 2015 Try to change power to 30.0dBm... 
Thu Apr 30 09:00:33 -0400 2015 RF Level: 27.6dBm
Thu Apr 30 09:00:33 -0400 2015 Set RF modulation mode to Dense Reader Mode...
Thu Apr 30 09:00:33 -0400 2015 RF Modulation: DRM
Thu Apr 30 09:00:33 -0400 2015 initializing aquire parameters
Thu Apr 30 09:00:33 -0400 2015 done initializing aquire parameters
Thu Apr 30 09:00:33 -0400 2015 Acquiring...
