Sun Apr 26 17:08:31 -0400 2015 r is #<AlienReader:0x108af4430>
Sun Apr 26 17:08:31 -0400 2015 r is #<AlienReader:0x108af4430>
Sun Apr 26 17:08:32 -0400 2015 Connected antenna ports: 0
Sun Apr 26 17:08:32 -0400 2015 Current RF Power: 29.0dBm
Sun Apr 26 17:08:32 -0400 2015 Current Antenna Sequence: 0
Sun Apr 26 17:08:32 -0400 2015 Change antenna sequence to all available antennas... 
Sun Apr 26 17:08:32 -0400 2015 New antenna sequence: 0
Sun Apr 26 17:08:32 -0400 2015 Try to change power to 30.0dBm... 
Sun Apr 26 17:08:32 -0400 2015 RF Level: 29.0dBm
Sun Apr 26 17:08:32 -0400 2015 Set RF modulation mode to Dense Reader Mode...
Sun Apr 26 17:08:32 -0400 2015 RF Modulation: DRM
Sun Apr 26 17:08:32 -0400 2015 initializing aquire parameters
Sun Apr 26 17:08:32 -0400 2015 done initializing aquire parameters
Sun Apr 26 17:08:32 -0400 2015 Acquiring...
Sun Apr 26 17:08:33 -0400 2015 ...Done!
Sun Apr 26 17:08:33 -0400 2015 line is "Tag:C033 1255 102E, Disc:2015/04/26 17:08:32, Last:2015/04/26 17:08:33, Count:7, Ant:0, Proto:2, Speed:999.000, rssi:75.0"
Sun Apr 26 17:08:33 -0400 2015 adding a new tag
Sun Apr 26 17:08:33 -0400 2015 line is "Tag:3034 2E9C 2014 D2C0 0000 1451, Disc:2015/04/26 17:08:32, Last:2015/04/26 17:08:33, Count:3, Ant:0, Proto:2, Speed:999.000, rssi:79.0"
Sun Apr 26 17:08:33 -0400 2015 adding a new tag
Sun Apr 26 17:08:33 -0400 2015 done parsing with tag count: 2
Sun Apr 26 17:08:33 -0400 2015 visible tags: 
Sun Apr 26 17:08:34 -0400 2015 C033 1255 102E
Sun Apr 26 17:08:34 -0400 2015 rssi_survey, C033 1255 102E, 75.0
Sun Apr 26 17:08:35 -0400 2015 3034 2E9C 2014 D2C0 0000 1451
Sun Apr 26 17:08:35 -0400 2015 rssi_survey, 3034 2E9C 2014 D2C0 0000 1451, 79.0
Sun Apr 26 17:08:35 -0400 2015 I will post: [  { 
    "tag_id": "C033 1255 102E",
    "utid": "34 8D 18 00",
    "rssi": "75.0",
    "antenna": "0",
    "last_seen_at": "2015-04-26T17:08:33+00:00"
  }
,  { 
    "tag_id": "3034 2E9C 2014 D2C0 0000 1451",
    "utid": "34 8D 18 00",
    "rssi": "79.0",
    "antenna": "0",
    "last_seen_at": "2015-04-26T17:08:33+00:00"
  }
]
